<?xml version="1.0" encoding="UTF-8"?>
<testng-results skipped="0" failed="0" ignored="0" total="2" passed="2">
  <reporter-output>
  </reporter-output>
  <suite name="Default suite" duration-ms="61931" started-at="2018-12-20T06:12:22Z" finished-at="2018-12-20T06:13:24Z">
    <groups>
    </groups>
    <test name="Default test" duration-ms="61931" started-at="2018-12-20T06:12:22Z" finished-at="2018-12-20T06:13:24Z">
      <class name="cgi.qa.appiumtest.cgi.qa.appiumartitest.SplashScreenTest">
        <test-method status="PASS" signature="startUp()[pri:0, instance:cgi.qa.appiumtest.cgi.qa.appiumartitest.SplashScreenTest@548e7350]" name="startUp" duration-ms="14061" started-at="2018-12-20T11:42:23Z" finished-at="2018-12-20T11:42:37Z">
          <reporter-output>
          </reporter-output>
        </test-method> <!-- startUp -->
        <test-method status="PASS" signature="appOpens()[pri:1, instance:cgi.qa.appiumtest.cgi.qa.appiumartitest.SplashScreenTest@548e7350]" name="appOpens" duration-ms="44470" started-at="2018-12-20T11:42:37Z" finished-at="2018-12-20T11:43:21Z">
          <reporter-output>
          </reporter-output>
        </test-method> <!-- appOpens -->
        <test-method status="PASS" signature="tearDown()[pri:0, instance:cgi.qa.appiumtest.cgi.qa.appiumartitest.SplashScreenTest@548e7350]" name="tearDown" is-config="true" duration-ms="3339" started-at="2018-12-20T11:43:21Z" finished-at="2018-12-20T11:43:24Z">
          <reporter-output>
          </reporter-output>
        </test-method> <!-- tearDown -->
      </class> <!-- cgi.qa.appiumtest.cgi.qa.appiumartitest.SplashScreenTest -->
    </test> <!-- Default test -->
  </suite> <!-- Default suite -->
</testng-results>
