<?xml version="1.0" encoding="UTF-8"?>
<testng-results skipped="0" failed="1" ignored="0" total="1" passed="0">
  <reporter-output>
  </reporter-output>
  <suite name="suite" duration-ms="46390" started-at="2019-01-22T17:17:59Z" finished-at="2019-01-22T17:18:46Z">
    <groups>
    </groups>
    <test name="Nokiatest" duration-ms="46390" started-at="2019-01-22T17:17:59Z" finished-at="2019-01-22T17:18:46Z">
      <class name="cgi.qa.appiumtest.cgi.qa.appiumartitest.SplashScreenTest">
        <test-method status="PASS" signature="startUp()[pri:0, instance:cgi.qa.appiumtest.cgi.qa.appiumartitest.SplashScreenTest@3108bc]" name="startUp" is-config="true" duration-ms="11374" started-at="2019-01-22T22:47:59Z" finished-at="2019-01-22T22:48:11Z">
          <reporter-output>
          </reporter-output>
        </test-method> <!-- startUp -->
        <test-method status="FAIL" signature="appOpens()[pri:0, instance:cgi.qa.appiumtest.cgi.qa.appiumartitest.SplashScreenTest@3108bc]" name="appOpens" duration-ms="33053" started-at="2019-01-22T22:48:11Z" finished-at="2019-01-22T22:48:44Z">
          <exception class="org.openqa.selenium.WebDriverException">
            <message>
              <![CDATA[An unknown server-side error occurred while processing the command. Original error: Soft keyboard not present, cannot hide keyboard
Build info: version: '3.12.0', revision: '7c6e0b3', time: '2018-05-08T14:04:26.12Z'
System info: host: 'HAMZA-PC', ip: '192.168.42.142', os.name: 'Windows 7', os.arch: 'amd64', os.version: '6.1', java.version: '1.8.0_201'
Driver info: io.appium.java_client.android.AndroidDriver
Capabilities {appActivity: io.selendroid.testapp.HomeS..., appPackage: io.selendroid.testapp, autoDismissAlerts: true, automationName: Appium, clearSystemFiles: true, databaseEnabled: false, desired: {appActivity: io.selendroid.testapp.HomeS..., appPackage: io.selendroid.testapp, autoDismissAlerts: true, automationName: Appium, clearSystemFiles: true, deviceName: DRGID18092105974, noReset: true, platformName: android, platformVersion: 9}, deviceManufacturer: HMD Global, deviceModel: Nokia 6.1 Plus, deviceName: DRGID18092105974, deviceScreenSize: 1080x2280, deviceUDID: DRGID18092105974, javascriptEnabled: true, locationContextEnabled: false, networkConnectionEnabled: true, noReset: true, platform: LINUX, platformName: Android, platformVersion: 9, takesScreenshot: true, warnings: {}, webStorageEnabled: false}
Session ID: 52b79423-7f5e-4141-a759-9551f416ac4c]]>
            </message>
            <full-stacktrace>
              <![CDATA[org.openqa.selenium.WebDriverException: An unknown server-side error occurred while processing the command. Original error: Soft keyboard not present, cannot hide keyboard
Build info: version: '3.12.0', revision: '7c6e0b3', time: '2018-05-08T14:04:26.12Z'
System info: host: 'HAMZA-PC', ip: '192.168.42.142', os.name: 'Windows 7', os.arch: 'amd64', os.version: '6.1', java.version: '1.8.0_201'
Driver info: io.appium.java_client.android.AndroidDriver
Capabilities {appActivity: io.selendroid.testapp.HomeS..., appPackage: io.selendroid.testapp, autoDismissAlerts: true, automationName: Appium, clearSystemFiles: true, databaseEnabled: false, desired: {appActivity: io.selendroid.testapp.HomeS..., appPackage: io.selendroid.testapp, autoDismissAlerts: true, automationName: Appium, clearSystemFiles: true, deviceName: DRGID18092105974, noReset: true, platformName: android, platformVersion: 9}, deviceManufacturer: HMD Global, deviceModel: Nokia 6.1 Plus, deviceName: DRGID18092105974, deviceScreenSize: 1080x2280, deviceUDID: DRGID18092105974, javascriptEnabled: true, locationContextEnabled: false, networkConnectionEnabled: true, noReset: true, platform: LINUX, platformName: Android, platformVersion: 9, takesScreenshot: true, warnings: {}, webStorageEnabled: false}
Session ID: 52b79423-7f5e-4141-a759-9551f416ac4c
	at sun.reflect.NativeConstructorAccessorImpl.newInstance0(Native Method)
	at sun.reflect.NativeConstructorAccessorImpl.newInstance(Unknown Source)
	at sun.reflect.DelegatingConstructorAccessorImpl.newInstance(Unknown Source)
	at java.lang.reflect.Constructor.newInstance(Unknown Source)
	at org.openqa.selenium.remote.http.W3CHttpResponseCodec.createException(W3CHttpResponseCodec.java:187)
	at org.openqa.selenium.remote.http.W3CHttpResponseCodec.decode(W3CHttpResponseCodec.java:122)
	at org.openqa.selenium.remote.http.W3CHttpResponseCodec.decode(W3CHttpResponseCodec.java:49)
	at org.openqa.selenium.remote.HttpCommandExecutor.execute(HttpCommandExecutor.java:158)
	at io.appium.java_client.remote.AppiumCommandExecutor.execute(AppiumCommandExecutor.java:231)
	at org.openqa.selenium.remote.RemoteWebDriver.execute(RemoteWebDriver.java:548)
	at io.appium.java_client.DefaultGenericMobileDriver.execute(DefaultGenericMobileDriver.java:46)
	at io.appium.java_client.AppiumDriver.execute(AppiumDriver.java:1)
	at io.appium.java_client.android.AndroidDriver.execute(AndroidDriver.java:1)
	at io.appium.java_client.HidesKeyboard.hideKeyboard(HidesKeyboard.java:27)
	at com.pages.SplashScreenPage.actionOnProgressBar(SplashScreenPage.java:55)
	at cgi.qa.appiumtest.cgi.qa.appiumartitest.SplashScreenTest.appOpens(SplashScreenTest.java:36)
	at sun.reflect.NativeMethodAccessorImpl.invoke0(Native Method)
	at sun.reflect.NativeMethodAccessorImpl.invoke(Unknown Source)
	at sun.reflect.DelegatingMethodAccessorImpl.invoke(Unknown Source)
	at java.lang.reflect.Method.invoke(Unknown Source)
	at org.testng.internal.MethodInvocationHelper.invokeMethod(MethodInvocationHelper.java:108)
	at org.testng.internal.Invoker.invokeMethod(Invoker.java:661)
	at org.testng.internal.Invoker.invokeTestMethod(Invoker.java:869)
	at org.testng.internal.Invoker.invokeTestMethods(Invoker.java:1193)
	at org.testng.internal.TestMethodWorker.invokeTestMethods(TestMethodWorker.java:126)
	at org.testng.internal.TestMethodWorker.run(TestMethodWorker.java:109)
	at org.testng.TestRunner.privateRun(TestRunner.java:744)
	at org.testng.TestRunner.run(TestRunner.java:602)
	at org.testng.SuiteRunner.runTest(SuiteRunner.java:380)
	at org.testng.SuiteRunner.access$000(SuiteRunner.java:39)
	at org.testng.SuiteRunner$SuiteWorker.run(SuiteRunner.java:414)
	at org.testng.internal.thread.ThreadUtil$1.call(ThreadUtil.java:52)
	at java.util.concurrent.FutureTask.run(Unknown Source)
	at java.util.concurrent.ThreadPoolExecutor.runWorker(Unknown Source)
	at java.util.concurrent.ThreadPoolExecutor$Worker.run(Unknown Source)
	at java.lang.Thread.run(Unknown Source)
]]>
            </full-stacktrace>
          </exception> <!-- org.openqa.selenium.WebDriverException -->
          <reporter-output>
          </reporter-output>
        </test-method> <!-- appOpens -->
        <test-method status="PASS" signature="tearDown()[pri:0, instance:cgi.qa.appiumtest.cgi.qa.appiumartitest.SplashScreenTest@3108bc]" name="tearDown" is-config="true" duration-ms="1895" started-at="2019-01-22T22:48:44Z" finished-at="2019-01-22T22:48:46Z">
          <reporter-output>
          </reporter-output>
        </test-method> <!-- tearDown -->
      </class> <!-- cgi.qa.appiumtest.cgi.qa.appiumartitest.SplashScreenTest -->
    </test> <!-- Nokiatest -->
  </suite> <!-- suite -->
</testng-results>
