<?xml version="1.0" encoding="UTF-8"?>
<!-- Generated by org.testng.reporters.JUnitReportReporter -->
<testsuite skipped="0" hostname="INL-4561YC2" name="cgi.qa.appiumtest.cgi.qa.appiumartitest.SplashScreenTest" tests="2" failures="0" timestamp="06 Dec 2018 08:32:09 GMT" time="112.864" errors="1">
  <testcase name="startUp" time="16.498" classname="cgi.qa.appiumtest.cgi.qa.appiumartitest.SplashScreenTest"/>
  <testcase name="appOpens" time="96.366" classname="cgi.qa.appiumtest.cgi.qa.appiumartitest.SplashScreenTest">
    <error type="org.openqa.selenium.UnsupportedCommandException" message="Method has not yet been implemented
Build info: version: &#039;3.12.0&#039;, revision: &#039;7c6e0b3&#039;, time: &#039;2018-05-08T14:04:26.12Z&#039;
System info: host: &#039;INL-4561YC2&#039;, ip: &#039;10.154.182.251&#039;, os.name: &#039;Windows 7&#039;, os.arch: &#039;amd64&#039;, os.version: &#039;6.1&#039;, java.version: &#039;1.8.0_171&#039;
Driver info: io.appium.java_client.android.AndroidDriver
Capabilities {app: C:/Users/hamza.naseem/Deskt..., appActivity: io.selendroid.testapp.HomeS..., appPackage: io.selendroid.testapp, autoDismissAlerts: true, automationName: Appium, clearSystemFiles: true, databaseEnabled: false, desired: {app: C:/Users/hamza.naseem/Deskt..., appActivity: io.selendroid.testapp.HomeS..., appPackage: io.selendroid.testapp, autoDismissAlerts: true, automationName: Appium, clearSystemFiles: true, deviceName: ZY223FT2F4, noReset: true, platformName: android, platformVersion: 7.0}, deviceManufacturer: motorola, deviceModel: XT1580, deviceName: ZY2233N2F8, deviceScreenSize: 1440x2560, deviceUDID: ZY2233N2F8, javascriptEnabled: true, locationContextEnabled: false, networkConnectionEnabled: true, noReset: true, platform: LINUX, platformName: Android, platformVersion: 7.0, takesScreenshot: true, warnings: {}, webStorageEnabled: false}
Session ID: 3e77496b-149e-4f70-ba0a-471d5b332f61">
      <![CDATA[org.openqa.selenium.UnsupportedCommandException: Method has not yet been implemented
Build info: version: '3.12.0', revision: '7c6e0b3', time: '2018-05-08T14:04:26.12Z'
System info: host: 'INL-4561YC2', ip: '10.154.182.251', os.name: 'Windows 7', os.arch: 'amd64', os.version: '6.1', java.version: '1.8.0_171'
Driver info: io.appium.java_client.android.AndroidDriver
Capabilities {app: C:/Users/hamza.naseem/Deskt..., appActivity: io.selendroid.testapp.HomeS..., appPackage: io.selendroid.testapp, autoDismissAlerts: true, automationName: Appium, clearSystemFiles: true, databaseEnabled: false, desired: {app: C:/Users/hamza.naseem/Deskt..., appActivity: io.selendroid.testapp.HomeS..., appPackage: io.selendroid.testapp, autoDismissAlerts: true, automationName: Appium, clearSystemFiles: true, deviceName: ZY223FT2F4, noReset: true, platformName: android, platformVersion: 7.0}, deviceManufacturer: motorola, deviceModel: XT1580, deviceName: ZY2233N2F8, deviceScreenSize: 1440x2560, deviceUDID: ZY2233N2F8, javascriptEnabled: true, locationContextEnabled: false, networkConnectionEnabled: true, noReset: true, platform: LINUX, platformName: Android, platformVersion: 7.0, takesScreenshot: true, warnings: {}, webStorageEnabled: false}
Session ID: 3e77496b-149e-4f70-ba0a-471d5b332f61
	at sun.reflect.NativeConstructorAccessorImpl.newInstance0(Native Method)
	at sun.reflect.NativeConstructorAccessorImpl.newInstance(Unknown Source)
	at sun.reflect.DelegatingConstructorAccessorImpl.newInstance(Unknown Source)
	at java.lang.reflect.Constructor.newInstance(Unknown Source)
	at org.openqa.selenium.remote.http.W3CHttpResponseCodec.createException(W3CHttpResponseCodec.java:187)
	at org.openqa.selenium.remote.http.W3CHttpResponseCodec.decode(W3CHttpResponseCodec.java:122)
	at org.openqa.selenium.remote.http.W3CHttpResponseCodec.decode(W3CHttpResponseCodec.java:49)
	at org.openqa.selenium.remote.HttpCommandExecutor.execute(HttpCommandExecutor.java:158)
	at io.appium.java_client.remote.AppiumCommandExecutor.execute(AppiumCommandExecutor.java:231)
	at org.openqa.selenium.remote.RemoteWebDriver.execute(RemoteWebDriver.java:548)
	at io.appium.java_client.DefaultGenericMobileDriver.execute(DefaultGenericMobileDriver.java:46)
	at io.appium.java_client.AppiumDriver.execute(AppiumDriver.java:1)
	at io.appium.java_client.android.AndroidDriver.execute(AndroidDriver.java:1)
	at org.openqa.selenium.remote.RemoteWebDriver$RemoteTargetLocator.alert(RemoteWebDriver.java:928)
	at org.openqa.selenium.support.ui.ExpectedConditions$28.apply(ExpectedConditions.java:822)
	at org.openqa.selenium.support.ui.ExpectedConditions$28.apply(ExpectedConditions.java:818)
	at org.openqa.selenium.support.ui.FluentWait.until(FluentWait.java:248)
	at com.pages.SplashScreenPage.actionOnPopUpWindow(SplashScreenPage.java:66)
	at cgi.qa.appiumtest.cgi.qa.appiumartitest.SplashScreenTest.appOpens(SplashScreenTest.java:32)
	at sun.reflect.NativeMethodAccessorImpl.invoke0(Native Method)
	at sun.reflect.NativeMethodAccessorImpl.invoke(Unknown Source)
	at sun.reflect.DelegatingMethodAccessorImpl.invoke(Unknown Source)
	at java.lang.reflect.Method.invoke(Unknown Source)
	at org.testng.internal.MethodInvocationHelper.invokeMethod(MethodInvocationHelper.java:108)
	at org.testng.internal.Invoker.invokeMethod(Invoker.java:661)
	at org.testng.internal.Invoker.invokeTestMethod(Invoker.java:869)
	at org.testng.internal.Invoker.invokeTestMethods(Invoker.java:1193)
	at org.testng.internal.TestMethodWorker.invokeTestMethods(TestMethodWorker.java:126)
	at org.testng.internal.TestMethodWorker.run(TestMethodWorker.java:109)
	at org.testng.TestRunner.privateRun(TestRunner.java:744)
	at org.testng.TestRunner.run(TestRunner.java:602)
	at org.testng.SuiteRunner.runTest(SuiteRunner.java:380)
	at org.testng.SuiteRunner.runSequentially(SuiteRunner.java:375)
	at org.testng.SuiteRunner.privateRun(SuiteRunner.java:340)
	at org.testng.SuiteRunner.run(SuiteRunner.java:289)
	at org.testng.SuiteRunnerWorker.runSuite(SuiteRunnerWorker.java:52)
	at org.testng.SuiteRunnerWorker.run(SuiteRunnerWorker.java:86)
	at org.testng.TestNG.runSuitesSequentially(TestNG.java:1301)
	at org.testng.TestNG.runSuitesLocally(TestNG.java:1226)
	at org.testng.TestNG.runSuites(TestNG.java:1144)
	at org.testng.TestNG.run(TestNG.java:1115)
	at org.testng.remote.AbstractRemoteTestNG.run(AbstractRemoteTestNG.java:114)
	at org.testng.remote.RemoteTestNG.initAndRun(RemoteTestNG.java:251)
	at org.testng.remote.RemoteTestNG.main(RemoteTestNG.java:77)
]]>
    </error>
  </testcase> <!-- appOpens -->
</testsuite> <!-- cgi.qa.appiumtest.cgi.qa.appiumartitest.SplashScreenTest -->
