<?xml version="1.0" encoding="UTF-8"?>
<!-- Generated by org.testng.reporters.JUnitXMLReporter -->
<testsuite hostname="Hamza-PC" ignored="0" name="Default test" tests="2" failures="0" timestamp="20 Dec 2018 06:13:24 GMT" time="61.931" errors="0">
  <testcase name="startUp" time="14.061" classname="cgi.qa.appiumtest.cgi.qa.appiumartitest.SplashScreenTest"/>
  <testcase name="appOpens" time="44.47" classname="cgi.qa.appiumtest.cgi.qa.appiumartitest.SplashScreenTest"/>
</testsuite> <!-- Default test -->
