<?xml version="1.0" encoding="UTF-8"?>
<!-- Generated by org.testng.reporters.JUnitXMLReporter -->
<testsuite hostname="Hamza-PC" ignored="0" name="MotoX test" tests="1" failures="0" timestamp="20 Dec 2018 19:19:32 GMT" time="0.126" errors="0">
  <testcase name="@BeforeTest startUp" time="0.026" classname="cgi.qa.appiumtest.cgi.qa.appiumartitest.SplashScreenTest">
    <failure type="java.lang.NullPointerException">
      <![CDATA[java.lang.NullPointerException
	at java.util.TreeMap.rotateLeft(Unknown Source)
	at java.util.TreeMap.fixAfterInsertion(Unknown Source)
	at java.util.TreeMap.put(Unknown Source)
	at org.openqa.selenium.AbstractCapabilities.setCapability(AbstractCapabilities.java:97)
	at org.openqa.selenium.MutableCapabilities.setCapability(MutableCapabilities.java:100)
	at org.openqa.selenium.MutableCapabilities.setCapability(MutableCapabilities.java:83)
	at cgi.qa.appiumtest.cgi.qa.appiumartitest.SplashScreenTest.startUp(SplashScreenTest.java:43)
	at java.util.concurrent.FutureTask.run(Unknown Source)
	at java.util.concurrent.ThreadPoolExecutor.runWorker(Unknown Source)
	at java.util.concurrent.ThreadPoolExecutor$Worker.run(Unknown Source)
	at java.lang.Thread.run(Unknown Source)
... Removed 14 stack frames]]>
    </failure>
  </testcase> <!-- @BeforeTest startUp -->
  <testcase name="@AfterTest tearDown" time="0.0" classname="cgi.qa.appiumtest.cgi.qa.appiumartitest.SplashScreenTest">
    <skipped/>
  </testcase> <!-- @AfterTest tearDown -->
  <testcase name="appOpens" time="0.001" classname="cgi.qa.appiumtest.cgi.qa.appiumartitest.SplashScreenTest">
    <skipped/>
  </testcase> <!-- appOpens -->
</testsuite> <!-- MotoX test -->
